[2025-11-29 00:31:42,042: INFO: common: yaml file: config\config.yaml loaded successfully]
[2025-11-29 00:31:42,053: INFO: common: yaml file: schema.yaml loaded successfully]
[2025-11-29 00:31:42,062: INFO: common: yaml file: params.yaml loaded successfully]
[2025-11-29 00:31:42,064: INFO: common: created directory at: artifacts]
[2025-11-29 00:32:36,719: INFO: common: yaml file: config\config.yaml loaded successfully]
[2025-11-29 00:32:36,723: INFO: common: yaml file: params.yaml loaded successfully]
[2025-11-29 00:32:36,726: INFO: common: yaml file: schema.yaml loaded successfully]
[2025-11-29 00:32:36,727: INFO: common: created directory at: artifacts]
[2025-11-29 00:32:36,728: INFO: common: created directory at: artifacts/data_ingestion]
[2025-11-29 00:43:38,916: INFO: common: yaml file: config\config.yaml loaded successfully]
[2025-11-29 00:43:38,917: INFO: common: yaml file: params.yaml loaded successfully]
[2025-11-29 00:43:38,919: INFO: common: yaml file: schema.yaml loaded successfully]
[2025-11-29 00:43:38,920: INFO: common: created directory at: artifacts]
[2025-11-29 00:43:38,922: INFO: common: created directory at: artifacts/data_validation]
[2025-11-29 10:34:41,427: INFO: common: yaml file: config\config.yaml loaded successfully]
[2025-11-29 10:34:41,435: INFO: common: yaml file: params.yaml loaded successfully]
[2025-11-29 10:34:41,438: INFO: common: yaml file: schema.yaml loaded successfully]
[2025-11-29 10:34:41,438: INFO: common: created directory at: artifacts]
[2025-11-29 10:34:41,438: INFO: common: created directory at: artifacts/data_transformation]
[2025-11-29 10:36:47,416: INFO: common: yaml file: config\config.yaml loaded successfully]
[2025-11-29 10:36:47,419: INFO: common: yaml file: params.yaml loaded successfully]
[2025-11-29 10:36:47,423: INFO: common: yaml file: schema.yaml loaded successfully]
[2025-11-29 10:36:47,424: INFO: common: created directory at: artifacts]
[2025-11-29 10:36:47,433: INFO: common: created directory at: artifacts/data_transformation]
[2025-11-29 10:36:47,434: INFO: 1632261556: Loading data...]
[2025-11-29 10:36:47,517: INFO: 1632261556: Splitting data into Train and Test...]
[2025-11-29 10:36:47,794: INFO: 1632261556: Categorical cols: ['type_of_meal_plan', 'room_type_reserved', 'market_segment_type']]
[2025-11-29 10:36:47,796: INFO: 1632261556: Numerical cols: ['no_of_adults', 'no_of_children', 'no_of_weekend_nights', 'no_of_week_nights', 'required_car_parking_space', 'lead_time', 'arrival_year', 'arrival_month', 'arrival_date', 'repeated_guest', 'no_of_previous_cancellations', 'no_of_previous_bookings_not_canceled', 'avg_price_per_room', 'no_of_special_requests']]
[2025-11-29 10:36:48,396: INFO: 1632261556: Transformation Complete. Train Shape: (29020, 31), Test Shape: (7255, 31)]
[2025-11-29 10:54:50,525: INFO: common: yaml file: config\config.yaml loaded successfully]
[2025-11-29 10:54:50,528: INFO: common: yaml file: params.yaml loaded successfully]
[2025-11-29 10:54:50,529: INFO: common: yaml file: schema.yaml loaded successfully]
[2025-11-29 10:54:50,531: INFO: common: created directory at: artifacts]
[2025-11-29 10:54:50,532: INFO: common: created directory at: artifacts/model_trainer]
[2025-11-29 10:57:44,415: INFO: common: yaml file: config\config.yaml loaded successfully]
[2025-11-29 10:57:44,417: INFO: common: yaml file: params.yaml loaded successfully]
[2025-11-29 10:57:44,418: INFO: common: yaml file: schema.yaml loaded successfully]
[2025-11-29 10:57:44,420: INFO: common: created directory at: artifacts]
[2025-11-29 10:57:44,421: INFO: common: created directory at: artifacts/model_trainer]
[2025-11-29 10:57:46,848: INFO: 443488776: Random Forest Model trained and saved at: artifacts/model_trainer\model.joblib]
[2025-11-29 11:09:53,262: INFO: common: yaml file: config\config.yaml loaded successfully]
[2025-11-29 11:09:53,270: INFO: common: yaml file: params.yaml loaded successfully]
[2025-11-29 11:09:53,284: INFO: common: yaml file: schema.yaml loaded successfully]
[2025-11-29 11:09:53,284: INFO: common: created directory at: artifacts]
[2025-11-29 11:09:53,284: INFO: common: created directory at: artifacts/model_evaluation]
[2025-11-29 11:09:55,227: INFO: common: json file saved at: artifacts\model_evaluation\metrics.json]
[2025-11-29 15:10:04,467: INFO: main: >>>>>> stage <<<<<<<Data Ingestion stage>>>>>>>>> started <<<<<<]
[2025-11-29 15:10:04,480: INFO: common: yaml file: config\config.yaml loaded successfully]
[2025-11-29 15:10:04,484: INFO: common: yaml file: params.yaml loaded successfully]
[2025-11-29 15:10:04,486: INFO: common: yaml file: schema.yaml loaded successfully]
[2025-11-29 15:10:04,487: INFO: common: created directory at: artifacts]
[2025-11-29 15:10:04,487: INFO: common: created directory at: artifacts/data_ingestion]
[2025-11-29 15:10:04,488: INFO: main: >>>>>> stage <<<<<<<Data Ingestion stage>>>>>>>>> completed <<<<<<

x==========x]
[2025-11-29 15:10:04,488: INFO: main: >>>>>> stage <<<<<<<Data Validation stage>>>>>>>>> started <<<<<<]
[2025-11-29 15:10:04,491: INFO: common: yaml file: config\config.yaml loaded successfully]
[2025-11-29 15:10:04,492: INFO: common: yaml file: params.yaml loaded successfully]
[2025-11-29 15:10:04,494: INFO: common: yaml file: schema.yaml loaded successfully]
[2025-11-29 15:10:04,496: INFO: common: created directory at: artifacts]
[2025-11-29 15:10:04,496: INFO: common: created directory at: artifacts/data_validation]
[2025-11-29 15:10:04,496: ERROR: main: [Errno 2] No such file or directory: 'D:\\Cdac_ML\\Assignments\\Lab_assesment\\artifacts\\data_ingestion\\hotel.csv']
Traceback (most recent call last):
  File "c:\Users\vicky\OneDrive\Desktop\ml_Final_Assignment\Lab_assesment\main.py", line 24, in <module>
    obj.main()
  File "c:\Users\vicky\OneDrive\Desktop\ml_Final_Assignment\Lab_assesment\src\ML_LAB\pipeline\Data_validation_stage.py", line 18, in main
    data_validation.validate_all_columns()
  File "c:\Users\vicky\OneDrive\Desktop\ml_Final_Assignment\Lab_assesment\src\ML_LAB\components\Data_validation.py", line 36, in validate_all_columns
    raise e
  File "c:\Users\vicky\OneDrive\Desktop\ml_Final_Assignment\Lab_assesment\src\ML_LAB\components\Data_validation.py", line 17, in validate_all_columns
    data = pd.read_csv(r"D:\Cdac_ML\Assignments\Lab_assesment\artifacts\data_ingestion\hotel.csv")
  File "C:\Users\vicky\OneDrive\Desktop\ml_Final_Assignment\Lab_assesment\.env\lib\site-packages\pandas\io\parsers\readers.py", line 1026, in read_csv
    return _read(filepath_or_buffer, kwds)
  File "C:\Users\vicky\OneDrive\Desktop\ml_Final_Assignment\Lab_assesment\.env\lib\site-packages\pandas\io\parsers\readers.py", line 620, in _read
    parser = TextFileReader(filepath_or_buffer, **kwds)
  File "C:\Users\vicky\OneDrive\Desktop\ml_Final_Assignment\Lab_assesment\.env\lib\site-packages\pandas\io\parsers\readers.py", line 1620, in __init__
    self._engine = self._make_engine(f, self.engine)
  File "C:\Users\vicky\OneDrive\Desktop\ml_Final_Assignment\Lab_assesment\.env\lib\site-packages\pandas\io\parsers\readers.py", line 1880, in _make_engine
    self.handles = get_handle(
  File "C:\Users\vicky\OneDrive\Desktop\ml_Final_Assignment\Lab_assesment\.env\lib\site-packages\pandas\io\common.py", line 873, in get_handle
    handle = open(
FileNotFoundError: [Errno 2] No such file or directory: 'D:\\Cdac_ML\\Assignments\\Lab_assesment\\artifacts\\data_ingestion\\hotel.csv'
[2025-11-29 15:12:42,442: INFO: main: >>>>>> stage <<<<<<<Data Ingestion stage>>>>>>>>> started <<<<<<]
[2025-11-29 15:12:42,442: INFO: common: yaml file: config\config.yaml loaded successfully]
[2025-11-29 15:12:42,457: INFO: common: yaml file: params.yaml loaded successfully]
[2025-11-29 15:12:42,458: INFO: common: yaml file: schema.yaml loaded successfully]
[2025-11-29 15:12:42,458: INFO: common: created directory at: artifacts]
[2025-11-29 15:12:42,458: INFO: common: created directory at: artifacts/data_ingestion]
[2025-11-29 15:12:42,461: INFO: main: >>>>>> stage <<<<<<<Data Ingestion stage>>>>>>>>> completed <<<<<<

x==========x]
[2025-11-29 15:12:42,462: INFO: main: >>>>>> stage <<<<<<<Data Validation stage>>>>>>>>> started <<<<<<]
[2025-11-29 15:12:42,464: INFO: common: yaml file: config\config.yaml loaded successfully]
[2025-11-29 15:12:42,466: INFO: common: yaml file: params.yaml loaded successfully]
[2025-11-29 15:12:42,468: INFO: common: yaml file: schema.yaml loaded successfully]
[2025-11-29 15:12:42,468: INFO: common: created directory at: artifacts]
[2025-11-29 15:12:42,471: INFO: common: created directory at: artifacts/data_validation]
[2025-11-29 15:12:42,560: INFO: main: >>>>>> stage <<<<<<<Data Validation stage>>>>>>>>> completed <<<<<<

x==========x]
[2025-11-29 15:12:42,560: INFO: main: >>>>>> stage <<<<<<<Data Transformation stage>>>>>>>>> started <<<<<<]
[2025-11-29 15:12:42,570: INFO: common: yaml file: config\config.yaml loaded successfully]
[2025-11-29 15:12:42,570: INFO: common: yaml file: params.yaml loaded successfully]
[2025-11-29 15:12:42,575: INFO: common: yaml file: schema.yaml loaded successfully]
[2025-11-29 15:12:42,575: INFO: common: created directory at: artifacts]
[2025-11-29 15:12:42,576: INFO: common: created directory at: artifacts/data_transformation]
[2025-11-29 15:12:42,576: INFO: Data_transformation: Loading data...]
[2025-11-29 15:12:42,672: INFO: Data_transformation: Splitting data into Train and Test...]
[2025-11-29 15:12:43,000: INFO: Data_transformation: Categorical cols: ['type_of_meal_plan', 'room_type_reserved', 'market_segment_type']]
[2025-11-29 15:12:43,000: INFO: Data_transformation: Numerical cols: ['no_of_adults', 'no_of_children', 'no_of_weekend_nights', 'no_of_week_nights', 'required_car_parking_space', 'lead_time', 'arrival_year', 'arrival_month', 'arrival_date', 'repeated_guest', 'no_of_previous_cancellations', 'no_of_previous_bookings_not_canceled', 'avg_price_per_room', 'no_of_special_requests']]
[2025-11-29 15:12:43,926: INFO: Data_transformation: Transformation Complete. Train Shape: (29020, 31), Test Shape: (7255, 31)]
[2025-11-29 15:12:43,926: INFO: Data_transformation: Preprocessor object saved at artifacts/data_transformation\preprocessor.obj]
[2025-11-29 15:12:43,926: INFO: Data_transformation: Transformation Complete. Train Shape: (29020, 31), Test Shape: (7255, 31)]
[2025-11-29 15:12:43,933: INFO: main: >>>>>> stage <<<<<<<Data Transformation stage>>>>>>>>> completed <<<<<<

x==========x]
[2025-11-29 15:12:43,933: INFO: main: >>>>>> stage Model Trainer stage started <<<<<<]
[2025-11-29 15:12:43,940: INFO: common: yaml file: config\config.yaml loaded successfully]
[2025-11-29 15:12:43,941: INFO: common: yaml file: params.yaml loaded successfully]
[2025-11-29 15:12:43,943: INFO: common: yaml file: schema.yaml loaded successfully]
[2025-11-29 15:12:43,944: INFO: common: created directory at: artifacts]
[2025-11-29 15:12:43,946: INFO: common: created directory at: artifacts/model_trainer]
[2025-11-29 15:12:46,463: INFO: Model_training: Random Forest Model trained and saved at: artifacts/model_trainer\model.joblib]
[2025-11-29 15:12:46,470: INFO: main: >>>>>> stage Model Trainer stage completed <<<<<<

x==========x]
[2025-11-29 15:12:46,470: INFO: main: >>>>>> stage Model evaluation stage started <<<<<<]
[2025-11-29 15:12:46,476: INFO: common: yaml file: config\config.yaml loaded successfully]
[2025-11-29 15:12:46,477: INFO: common: yaml file: params.yaml loaded successfully]
[2025-11-29 15:12:46,481: INFO: common: yaml file: schema.yaml loaded successfully]
[2025-11-29 15:12:46,481: INFO: common: created directory at: artifacts]
[2025-11-29 15:12:46,485: INFO: common: created directory at: artifacts/model_evaluation]
[2025-11-29 15:12:46,734: INFO: common: json file saved at: artifacts\model_evaluation\metrics.json]
[2025-11-29 15:12:46,752: INFO: main: >>>>>> stage Model evaluation stage completed <<<<<<

x==========x]
